<?xml version="1.0" encoding="UTF-8"?>
<!-- Generated by org.testng.reporters.JUnitXMLReporter -->
<testsuite hostname="Ekramuls-MBP-2.home" ignored="0" name="BankingApp Test" tests="3" failures="0" timestamp="29 Sep 2019 17:20:20 GMT" time="10.613" errors="0">
  <testcase name="loginTest" time="0.982" classname="com.SwagLabs.testCases.TC_LoginTest_01"/>
  <testcase name="loginTest" time="2.883" classname="com.SwagLabs.testCases.TC_FuctionalTest_BuyProduct_03"/>
  <testcase name="loginTest" time="1.758" classname="com.SwagLabs.testCases.TC_FuctionalTest_BuyProduct_04"/>
</testsuite> <!-- BankingApp Test -->
