<?xml version="1.0" encoding="UTF-8"?>
<!-- Generated by org.testng.reporters.JUnitXMLReporter -->
<testsuite hostname="Ekramuls-MBP-2.home" ignored="0" name="SwagLabs Test" tests="3" failures="0" timestamp="29 Sep 2019 22:31:13 GMT" time="50.834" errors="0">
  <testcase name="loginTest" time="10.382" classname="com.SwagLabs.testCases.TC_LoginTest_01"/>
  <testcase name="loginTest" time="2.195" classname="com.SwagLabs.testCases.TC_FuctionalTest_BuyProduct_02"/>
  <testcase name="loginTest" time="3.011" classname="com.SwagLabs.testCases.TC_FuctionalTest_BuyProduct_03"/>
</testsuite> <!-- SwagLabs Test -->
